python(3):ERROR:105: Unable to locate a modulefile for 'python/your_python_version'
/var/spool/slurm/slurmd/job01151/slurm_script: Zeile 16: /usr/local/anaconda3-2023.03/envs/flair/bin/activate: Datei oder Verzeichnis nicht gefunden
Configuration script
==========================================
JAVA = /usr/bin/java
PROPERTIES_FILE = robot.pctl
PROBLEM = ROBOT11_REP0
ALGORITHM = NSGAII
LOAD_SEED = true
INIT_PORT = 8888
MODEL_TEMPLATE_FILE = models/model_11_umc.prism
MAX_EVALUATIONS = 4000
MODEL_CHECKING_ENGINE_LIBS_DIRECTORY = /vol/fob-vol5/nebenf22/bertogla/MA/PARLEY/Applications/EvoChecker-master/libs/runtime
PROCESSORS = 16
VERBOSE = false
MODEL_CHECKING_ENGINE = /vol/fob-vol5/nebenf22/bertogla/MA/PARLEY/Applications/EvoChecker-master/libs/PrismExecutor.jar
POPULATION_SIZE = 100
SEED_FILE = data/ROBOT11_BASELINE/Set
PLOT_PARETO_FRONT = false
==========================================

Objectives (O)/Constraints(C)
O: P=? [ F (x=9&y=9&crashed=0) ], Max?true
O: R{"cost"}=? [ C<=100 ], Max?false

Starting  evolution
Checking for Seed Load
Loading previous Pareto Set: data/ROBOT11_BASELINE/Set


0 0 0 0 0 0 0 0 0 0 0 0 0 0 0 0 0 0 0 0 0 0 0 0 0 0 0 0 0 0 0 0 0 0 0 0 0 0 0 0 0 0 0 0 0 0 0 0 0 0 0 0 0 0 0 0 0 0 0 0 0 0 0 0 0 0 0 0 0 0 0 0 0 0 0 0 0 0 0 0 0 0 0 0 0 0 0 0 0 0 0 0 0 0 0 0 0 0 0 0
1 1 1 1 1 1 1 1 1 1 1 1 1 1 1 1 1 1 1 1 1 1 1 1 1 1 1 1 1 1 1 1 1 1 1 1 1 1 1 1 1 1 1 1 1 1 1 1 1 1 1 1 1 1 1 1 1 1 1 1 1 1 1 1 1 1 1 1 1 1 1 1 1 1 1 1 1 1 1 1 1 1 1 1 1 1 1 1 1 1 1 1 1 1 1 1 1 1 1 1
2 2 2 2 2 2 2 2 2 2 2 2 2 2 2 2 2 2 2 2 2 2 2 2 2 2 2 2 2 2 2 2 2 2 2 2 2 2 2 2 2 2 2 2 2 2 2 2 2 2 2 2 2 2 2 2 2 2 2 2 2 2 2 2 2 2 2 2 2 2 2 2 2 2 2 2 2 2 2 2 2 2 2 2 2 2 2 2 2 2 2 2 2 2 2 2 2 2 2 2
3 3 3 3 3 3 3 3 3 3 3 3 3 3 3 3 3 3 3 3 3 3 3 3 3 3 3 3 3 3 3 3 3 3 3 3 3 3 3 3 3 3 3 3 3 3 3 3 3 3 3 3 3 3 3 3 3 3 3 3 3 3 3 3 3 3 3 3 3 3 3 3 3 3 3 3 3 3 3 3 3 3 3 3 3 3 3 3 3 3 3 3 3 3 3 3 3 3 3 3
4 4 4 4 4 4 4 4 4 4 4 4 4 4 4 4 4 4 4 4 4 4 4 4 4 4 4 4 4 4 4 4 4 4 4 4 4 4 4 4 4 4 4 4 4 4 4 4 4 4 4 4 4 4 4 4 4 4 4 4 4 4 4 4 4 4 4 4 4 4 4 4 4 4 4 4 4 4 4 4 4 4 4 4 4 4 4 4 4 4 4 4 4 4 4 4 4 4 4 4
5 5 5 5 5 5 5 5 5 5 5 5 5 5 5 5 5 5 5 5 5 5 5 5 5 5 5 5 5 5 5 5 5 5 5 5 5 5 5 5 5 5 5 5 5 5 5 5 5 5 5 5 5 5 5 5 5 5 5 5 5 5 5 5 5 5 5 5 5 5 5 5 5 5 5 5 5 5 5 5 5 5 5 5 5 5 5 5 5 5 5 5 5 5 5 5 5 5 5 5
6 6 6 6 6 6 6 6 6 6 6 6 6 6 6 6 6 6 6 6 6 6 6 6 6 6 6 6 6 6 6 6 6 6 6 6 6 6 6 6 6 6 6 6 6 6 6 6 6 6 6 6 6 6 6 6 6 6 6 6 6 6 6 6 6 6 6 6 6 6 6 6 6 6 6 6 6 6 6 6 6 6 6 6 6 6 6 6 6 6 6 6 6 6 6 6 6 6 6 6
7 7 7 7 7 7 7 7 7 7 7 7 7 7 7 7 7 7 7 7 7 7 7 7 7 7 7 7 7 7 7 7 7 7 7 7 7 7 7 7 7 7 7 7 7 7 7 7 7 7 7 7 7 7 7 7 7 7 7 7 7 7 7 7 7 7 7 7 7 7 7 7 7 7 7 7 7 7 7 7 7 7 7 7 7 7 7 7 7 7 7 7 7 7 7 7 7 7 7 7
8 8 8 8 8 8 8 8 8 8 8 8 8 8 8 8 8 8 8 8 8 8 8 8 8 8 8 8 8 8 8 8 8 8 8 8 8 8 8 8 8 8 8 8 8 8 8 8 8 8 8 8 8 8 8 8 8 8 8 8 8 8 8 8 8 8 8 8 8 8 8 8 8 8 8 8 8 8 8 8 8 8 8 8 8 8 8 8 8 8 8 8 8 8 8 8 8 8 8 8
9 9 9 9 9 9 9 9 9 9 9 9 9 9 9 9 9 9 9 9 9 9 9 9 9 9 9 9 9 9 9 9 9 9 9 9 9 9 9 9 9 9 9 9 9 9 9 9 9 9 9 9 9 9 9 9 9 9 9 9 9 9 9 9 9 9 9 9 9 9 9 9 9 9 9 9 9 9 9 9 9 9 9 9 9 9 9 9 9 9 9 9 9 9 9 9 9 9 9 9
10 10 10 10 10 10 10 10 10 10 10 10 10 10 10 10 10 10 10 10 10 10 10 10 10 10 10 10 10 10 10 10 10 10 10 10 10 10 10 10 10 10 10 10 10 10 10 10 10 10 10 10 10 10 10 10 10 10 10 10 10 10 10 10 10 10 10 10 10 10 10 10 10 10 10 10 10 10 10 10 10 10 10 10 10 10 10 10 10 10 10 10 10 10 10 10 10 10 10 10
Before

0 6 0 9 0 9 9 8 4 6 2 1 10 10 8 1 1 0 0 9 8 10 2 2 0 2 5 4 10 3 3 1 9 2 6 3 1 1 6 6 5 1 2 1 5 6 9 8 9 4 9 3 6 0 9 8 8 2 7 8 7 1 9 1 0 9 9 4 2 3 4 2 7 10 4 3 2 9 1 4 7 1 2 6 6 0 0 1 6 4 3 7 3 3 1 10 6 1 0 2 
After

0 0 0 0 0 0 0 0 0 0 0 0 0 0 0 0 0 0 0 0 0 0 0 0 0 0 0 0 0 0 0 0 0 0 0 0 0 0 0 0 0 0 0 0 0 0 0 0 0 0 0 0 0 0 0 0 0 0 0 0 0 0 0 0 0 0 0 0 0 0 0 0 0 0 0 0 0 0 0 0 0 0 0 0 0 0 0 0 0 0 0 0 0 0 0 0 0 0 0 0 
Before

6 9 7 10 1 2 4 4 9 7 6 7 3 5 0 8 6 10 0 3 7 3 0 8 5 5 8 9 2 10 9 1 3 8 0 5 9 1 6 3 5 1 6 1 6 3 3 5 6 5 9 3 9 2 7 7 4 2 0 7 5 2 6 2 5 1 2 9 8 4 0 4 6 5 4 5 8 0 8 0 6 8 5 4 6 10 8 5 6 4 7 2 9 9 5 8 0 6 1 8 
After

1 1 1 1 1 1 1 1 1 1 1 1 1 1 1 1 1 1 1 1 1 1 1 1 1 1 1 1 1 1 1 1 1 1 1 1 1 1 1 1 1 1 1 1 1 1 1 1 1 1 1 1 1 1 1 1 1 1 1 1 1 1 1 1 1 1 1 1 1 1 1 1 1 1 1 1 1 1 1 1 1 1 1 1 1 1 1 1 1 1 1 1 1 1 1 1 1 1 1 1 
Before

5 5 9 4 2 5 3 8 1 8 7 7 5 3 8 10 8 8 7 0 6 8 10 10 5 6 1 2 10 2 10 10 0 4 9 3 2 7 6 6 0 8 10 3 1 5 9 9 10 2 9 4 2 6 5 6 9 0 4 2 0 1 5 2 6 10 5 10 7 5 9 8 5 2 2 6 4 4 10 8 1 9 7 1 9 4 9 8 10 8 2 0 1 0 2 10 4 1 10 10 
After

2 2 2 2 2 2 2 2 2 2 2 2 2 2 2 2 2 2 2 2 2 2 2 2 2 2 2 2 2 2 2 2 2 2 2 2 2 2 2 2 2 2 2 2 2 2 2 2 2 2 2 2 2 2 2 2 2 2 2 2 2 2 2 2 2 2 2 2 2 2 2 2 2 2 2 2 2 2 2 2 2 2 2 2 2 2 2 2 2 2 2 2 2 2 2 2 2 2 2 2 
Before

5 5 0 5 8 5 5 4 7 1 10 2 5 4 9 1 3 1 4 0 0 9 7 6 4 8 0 4 7 1 10 8 8 8 10 3 3 3 8 1 7 4 9 7 4 3 6 0 8 1 4 7 2 9 5 7 3 8 9 2 2 0 10 0 3 8 6 8 4 8 8 0 6 9 7 1 4 8 7 5 2 5 5 10 9 9 7 5 1 8 6 9 10 3 7 8 0 0 2 9 
After

3 3 3 3 3 3 3 3 3 3 3 3 3 3 3 3 3 3 3 3 3 3 3 3 3 3 3 3 3 3 3 3 3 3 3 3 3 3 3 3 3 3 3 3 3 3 3 3 3 3 3 3 3 3 3 3 3 3 3 3 3 3 3 3 3 3 3 3 3 3 3 3 3 3 3 3 3 3 3 3 3 3 3 3 3 3 3 3 3 3 3 3 3 3 3 3 3 3 3 3 
Before

8 5 1 7 1 2 8 9 6 9 6 2 8 4 6 1 10 7 6 0 6 7 2 10 10 5 5 2 5 10 7 9 9 10 0 8 0 3 7 9 10 9 1 1 9 7 0 3 1 2 8 6 2 2 10 6 2 7 1 4 7 6 9 0 6 4 7 2 7 5 10 4 5 8 8 0 10 8 0 10 2 5 3 6 10 2 9 3 6 1 8 6 2 9 6 3 3 4 8 7 
After

4 4 4 4 4 4 4 4 4 4 4 4 4 4 4 4 4 4 4 4 4 4 4 4 4 4 4 4 4 4 4 4 4 4 4 4 4 4 4 4 4 4 4 4 4 4 4 4 4 4 4 4 4 4 4 4 4 4 4 4 4 4 4 4 4 4 4 4 4 4 4 4 4 4 4 4 4 4 4 4 4 4 4 4 4 4 4 4 4 4 4 4 4 4 4 4 4 4 4 4 
Before

2 3 2 0 2 3 7 2 7 6 4 4 6 3 10 0 7 1 10 0 3 9 10 8 8 1 3 7 6 8 2 5 4 3 8 1 7 2 0 2 7 3 6 8 10 7 4 1 5 0 6 8 0 5 8 10 9 2 0 6 5 2 5 2 8 0 0 5 10 4 2 0 5 0 7 0 10 3 10 2 4 5 5 2 8 3 9 1 0 1 7 7 0 8 6 9 5 1 9 7 
After

5 5 5 5 5 5 5 5 5 5 5 5 5 5 5 5 5 5 5 5 5 5 5 5 5 5 5 5 5 5 5 5 5 5 5 5 5 5 5 5 5 5 5 5 5 5 5 5 5 5 5 5 5 5 5 5 5 5 5 5 5 5 5 5 5 5 5 5 5 5 5 5 5 5 5 5 5 5 5 5 5 5 5 5 5 5 5 5 5 5 5 5 5 5 5 5 5 5 5 5 
Before

1 1 3 6 1 3 8 7 4 0 8 2 10 9 8 1 7 1 1 1 5 4 1 7 1 9 2 4 5 8 1 7 5 1 7 2 5 3 10 1 1 10 9 10 2 2 10 1 8 7 1 6 1 6 5 6 1 10 9 8 4 7 3 9 8 4 10 6 5 1 6 1 4 5 3 9 10 1 7 3 0 5 7 10 7 10 2 3 9 9 5 7 4 10 6 9 4 5 9 4 
After

6 6 6 6 6 6 6 6 6 6 6 6 6 6 6 6 6 6 6 6 6 6 6 6 6 6 6 6 6 6 6 6 6 6 6 6 6 6 6 6 6 6 6 6 6 6 6 6 6 6 6 6 6 6 6 6 6 6 6 6 6 6 6 6 6 6 6 6 6 6 6 6 6 6 6 6 6 6 6 6 6 6 6 6 6 6 6 6 6 6 6 6 6 6 6 6 6 6 6 6 
Before

10 0 4 6 7 10 1 9 5 3 9 0 0 2 7 2 3 3 10 10 5 8 1 2 6 9 10 9 7 10 9 2 1 10 1 4 6 7 10 7 10 10 10 10 0 10 3 8 10 10 5 6 2 5 1 8 5 5 2 3 4 9 9 3 9 1 0 2 7 9 5 3 10 5 9 5 6 0 8 7 5 4 4 6 4 3 3 6 3 3 5 5 3 8 5 7 10 5 1 5 
After

7 7 7 7 7 7 7 7 7 7 7 7 7 7 7 7 7 7 7 7 7 7 7 7 7 7 7 7 7 7 7 7 7 7 7 7 7 7 7 7 7 7 7 7 7 7 7 7 7 7 7 7 7 7 7 7 7 7 7 7 7 7 7 7 7 7 7 7 7 7 7 7 7 7 7 7 7 7 7 7 7 7 7 7 7 7 7 7 7 7 7 7 7 7 7 7 7 7 7 7 
Before

8 7 2 3 10 2 8 9 7 5 9 1 9 8 10 6 0 9 1 1 6 1 2 1 8 1 7 5 7 8 8 3 3 8 7 2 6 9 4 7 2 7 1 1 10 4 0 6 7 6 3 10 5 8 0 3 9 6 3 0 2 0 3 8 1 0 8 9 6 6 5 2 6 9 7 7 5 1 5 2 1 2 7 5 8 0 5 1 5 1 8 0 9 1 8 5 5 2 2 8 
After

8 8 8 8 8 8 8 8 8 8 8 8 8 8 8 8 8 8 8 8 8 8 8 8 8 8 8 8 8 8 8 8 8 8 8 8 8 8 8 8 8 8 8 8 8 8 8 8 8 8 8 8 8 8 8 8 8 8 8 8 8 8 8 8 8 8 8 8 8 8 8 8 8 8 8 8 8 8 8 8 8 8 8 8 8 8 8 8 8 8 8 8 8 8 8 8 8 8 8 8 
Before

6 4 2 3 2 8 8 2 2 2 4 4 8 9 4 10 4 7 7 5 5 6 9 0 0 0 2 7 9 9 3 9 2 8 7 4 9 1 8 7 8 2 9 7 3 5 10 0 8 4 3 6 4 9 2 5 0 6 5 3 10 0 5 6 6 1 10 1 0 5 5 6 2 2 10 1 10 8 5 0 7 2 5 9 2 4 6 1 5 4 7 0 2 2 1 1 6 4 4 3 
After

9 9 9 9 9 9 9 9 9 9 9 9 9 9 9 9 9 9 9 9 9 9 9 9 9 9 9 9 9 9 9 9 9 9 9 9 9 9 9 9 9 9 9 9 9 9 9 9 9 9 9 9 9 9 9 9 9 9 9 9 9 9 9 9 9 9 9 9 9 9 9 9 9 9 9 9 9 9 9 9 9 9 9 9 9 9 9 9 9 9 9 9 9 9 9 9 9 9 9 9 
Before

10 3 2 4 6 4 9 10 0 1 4 4 10 9 3 0 2 4 5 0 3 8 7 2 5 3 9 6 5 3 0 7 3 6 3 2 6 6 2 1 1 7 5 1 10 4 0 7 9 2 8 8 9 10 10 7 9 8 3 1 2 3 9 0 2 7 5 8 3 6 2 7 6 9 6 10 8 2 5 7 0 3 4 1 7 9 3 3 7 7 8 2 7 10 5 1 6 5 10 7 
After

10 10 10 10 10 10 10 10 10 10 10 10 10 10 10 10 10 10 10 10 10 10 10 10 10 10 10 10 10 10 10 10 10 10 10 10 10 10 10 10 10 10 10 10 10 10 10 10 10 10 10 10 10 10 10 10 10 10 10 10 10 10 10 10 10 10 10 10 10 10 10 10 10 10 10 10 10 10 10 10 10 10 10 10 10 10 10 10 10 10 10 10 10 10 10 10 10 10 10 10 
Evaluations:	100
Evaluations:	200
Evaluations:	300
Evaluations:	400
Evaluations:	500
Evaluations:	600
Evaluations:	700
Evaluations:	800
slurmstepd: error: *** JOB 1151 ON gruenau6 CANCELLED AT 2024-06-22T20:52:26 DUE TO TIME LIMIT ***
slurmstepd: error: Detected 58 oom_kill events in StepId=1151.batch. Some of the step tasks have been OOM Killed.
