/var/spool/slurm/slurmd/job01155/slurm_script: Zeile 16: activate: Datei oder Verzeichnis nicht gefunden
Configuration script
==========================================
JAVA = /usr/bin/java
PROPERTIES_FILE = robot.pctl
PROBLEM = ROBOT13_REP0
ALGORITHM = NSGAII
LOAD_SEED = true
INIT_PORT = 8888
MODEL_TEMPLATE_FILE = models/model_13_umc.prism
MAX_EVALUATIONS = 4000
MODEL_CHECKING_ENGINE_LIBS_DIRECTORY = /vol/fob-vol5/nebenf22/bertogla/MA/PARLEY/Applications/EvoChecker-master/libs/runtime
PROCESSORS = 16
VERBOSE = false
MODEL_CHECKING_ENGINE = /vol/fob-vol5/nebenf22/bertogla/MA/PARLEY/Applications/EvoChecker-master/libs/PrismExecutor.jar
POPULATION_SIZE = 100
SEED_FILE = data/ROBOT13_BASELINE/Set
PLOT_PARETO_FRONT = false
==========================================

Objectives (O)/Constraints(C)
O: P=? [ F (x=9&y=9&crashed=0) ], Max?true
O: R{"cost"}=? [ C<=100 ], Max?false

Starting  evolution
Checking for Seed Load
Loading previous Pareto Set: data/ROBOT13_BASELINE/Set


0 0 0 0 0 0 0 0 0 0 0 0 0 0 0 0 0 0 0 0 0 0 0 0 0 0 0 0 0 0 0 0 0 0 0 0 0 0 0 0 0 0 0 0 0 0 0 0 0 0 0 0 0 0 0 0 0 0 0 0 0 0 0 0 0 0 0 0 0 0 0 0 0 0 0 0 0 0 0 0 0 0 0 0 0 0 0 0 0 0 0 0 0 0 0 0 0 0 0 0
1 1 1 1 1 1 1 1 1 1 1 1 1 1 1 1 1 1 1 1 1 1 1 1 1 1 1 1 1 1 1 1 1 1 1 1 1 1 1 1 1 1 1 1 1 1 1 1 1 1 1 1 1 1 1 1 1 1 1 1 1 1 1 1 1 1 1 1 1 1 1 1 1 1 1 1 1 1 1 1 1 1 1 1 1 1 1 1 1 1 1 1 1 1 1 1 1 1 1 1
2 2 2 2 2 2 2 2 2 2 2 2 2 2 2 2 2 2 2 2 2 2 2 2 2 2 2 2 2 2 2 2 2 2 2 2 2 2 2 2 2 2 2 2 2 2 2 2 2 2 2 2 2 2 2 2 2 2 2 2 2 2 2 2 2 2 2 2 2 2 2 2 2 2 2 2 2 2 2 2 2 2 2 2 2 2 2 2 2 2 2 2 2 2 2 2 2 2 2 2
3 3 3 3 3 3 3 3 3 3 3 3 3 3 3 3 3 3 3 3 3 3 3 3 3 3 3 3 3 3 3 3 3 3 3 3 3 3 3 3 3 3 3 3 3 3 3 3 3 3 3 3 3 3 3 3 3 3 3 3 3 3 3 3 3 3 3 3 3 3 3 3 3 3 3 3 3 3 3 3 3 3 3 3 3 3 3 3 3 3 3 3 3 3 3 3 3 3 3 3
4 4 4 4 4 4 4 4 4 4 4 4 4 4 4 4 4 4 4 4 4 4 4 4 4 4 4 4 4 4 4 4 4 4 4 4 4 4 4 4 4 4 4 4 4 4 4 4 4 4 4 4 4 4 4 4 4 4 4 4 4 4 4 4 4 4 4 4 4 4 4 4 4 4 4 4 4 4 4 4 4 4 4 4 4 4 4 4 4 4 4 4 4 4 4 4 4 4 4 4
5 5 5 5 5 5 5 5 5 5 5 5 5 5 5 5 5 5 5 5 5 5 5 5 5 5 5 5 5 5 5 5 5 5 5 5 5 5 5 5 5 5 5 5 5 5 5 5 5 5 5 5 5 5 5 5 5 5 5 5 5 5 5 5 5 5 5 5 5 5 5 5 5 5 5 5 5 5 5 5 5 5 5 5 5 5 5 5 5 5 5 5 5 5 5 5 5 5 5 5
6 6 6 6 6 6 6 6 6 6 6 6 6 6 6 6 6 6 6 6 6 6 6 6 6 6 6 6 6 6 6 6 6 6 6 6 6 6 6 6 6 6 6 6 6 6 6 6 6 6 6 6 6 6 6 6 6 6 6 6 6 6 6 6 6 6 6 6 6 6 6 6 6 6 6 6 6 6 6 6 6 6 6 6 6 6 6 6 6 6 6 6 6 6 6 6 6 6 6 6
7 7 7 7 7 7 7 7 7 7 7 7 7 7 7 7 7 7 7 7 7 7 7 7 7 7 7 7 7 7 7 7 7 7 7 7 7 7 7 7 7 7 7 7 7 7 7 7 7 7 7 7 7 7 7 7 7 7 7 7 7 7 7 7 7 7 7 7 7 7 7 7 7 7 7 7 7 7 7 7 7 7 7 7 7 7 7 7 7 7 7 7 7 7 7 7 7 7 7 7
8 8 8 8 8 8 8 8 8 8 8 8 8 8 8 8 8 8 8 8 8 8 8 8 8 8 8 8 8 8 8 8 8 8 8 8 8 8 8 8 8 8 8 8 8 8 8 8 8 8 8 8 8 8 8 8 8 8 8 8 8 8 8 8 8 8 8 8 8 8 8 8 8 8 8 8 8 8 8 8 8 8 8 8 8 8 8 8 8 8 8 8 8 8 8 8 8 8 8 8
9 9 9 9 9 9 9 9 9 9 9 9 9 9 9 9 9 9 9 9 9 9 9 9 9 9 9 9 9 9 9 9 9 9 9 9 9 9 9 9 9 9 9 9 9 9 9 9 9 9 9 9 9 9 9 9 9 9 9 9 9 9 9 9 9 9 9 9 9 9 9 9 9 9 9 9 9 9 9 9 9 9 9 9 9 9 9 9 9 9 9 9 9 9 9 9 9 9 9 9
10 10 10 10 10 10 10 10 10 10 10 10 10 10 10 10 10 10 10 10 10 10 10 10 10 10 10 10 10 10 10 10 10 10 10 10 10 10 10 10 10 10 10 10 10 10 10 10 10 10 10 10 10 10 10 10 10 10 10 10 10 10 10 10 10 10 10 10 10 10 10 10 10 10 10 10 10 10 10 10 10 10 10 10 10 10 10 10 10 10 10 10 10 10 10 10 10 10 10 10
Before

9 7 8 6 6 1 10 0 6 9 5 4 0 9 2 8 9 10 7 6 6 9 7 6 0 4 0 2 1 7 5 0 10 3 0 9 9 8 4 5 0 9 10 4 4 5 2 9 0 2 3 10 6 10 8 8 4 6 7 2 2 6 0 8 6 5 7 5 7 5 10 9 5 3 7 2 8 8 2 6 6 7 4 4 3 5 9 6 4 4 2 2 8 0 1 10 5 0 7 2 
After

0 0 0 0 0 0 0 0 0 0 0 0 0 0 0 0 0 0 0 0 0 0 0 0 0 0 0 0 0 0 0 0 0 0 0 0 0 0 0 0 0 0 0 0 0 0 0 0 0 0 0 0 0 0 0 0 0 0 0 0 0 0 0 0 0 0 0 0 0 0 0 0 0 0 0 0 0 0 0 0 0 0 0 0 0 0 0 0 0 0 0 0 0 0 0 0 0 0 0 0 
Before

5 0 9 7 8 3 2 6 3 10 9 1 3 0 10 9 0 7 6 0 7 8 4 10 9 0 9 6 4 0 2 2 9 6 7 5 1 3 3 6 8 9 8 4 5 5 3 0 2 9 6 5 3 2 3 9 10 0 0 8 0 2 8 2 0 3 9 5 5 6 10 5 8 4 1 4 2 7 0 1 8 5 6 0 10 0 0 4 7 1 2 9 9 0 8 3 0 10 4 0 
After

1 1 1 1 1 1 1 1 1 1 1 1 1 1 1 1 1 1 1 1 1 1 1 1 1 1 1 1 1 1 1 1 1 1 1 1 1 1 1 1 1 1 1 1 1 1 1 1 1 1 1 1 1 1 1 1 1 1 1 1 1 1 1 1 1 1 1 1 1 1 1 1 1 1 1 1 1 1 1 1 1 1 1 1 1 1 1 1 1 1 1 1 1 1 1 1 1 1 1 1 
Before

0 4 2 8 9 10 8 2 3 9 9 6 4 7 8 4 8 4 7 3 10 1 5 5 6 3 10 6 2 6 0 3 1 2 1 1 9 2 6 6 3 0 10 9 3 7 4 5 1 0 1 4 1 4 0 0 0 6 7 9 10 0 8 2 6 6 4 9 5 8 3 2 6 1 5 0 0 4 5 3 4 9 4 7 0 6 10 6 6 7 0 7 9 6 0 8 4 7 8 7 
After

2 2 2 2 2 2 2 2 2 2 2 2 2 2 2 2 2 2 2 2 2 2 2 2 2 2 2 2 2 2 2 2 2 2 2 2 2 2 2 2 2 2 2 2 2 2 2 2 2 2 2 2 2 2 2 2 2 2 2 2 2 2 2 2 2 2 2 2 2 2 2 2 2 2 2 2 2 2 2 2 2 2 2 2 2 2 2 2 2 2 2 2 2 2 2 2 2 2 2 2 
Before

3 0 7 8 7 6 8 7 0 5 1 10 1 1 9 3 9 7 6 9 0 1 8 0 2 6 9 5 10 3 3 4 10 1 5 7 3 9 7 7 2 0 7 7 10 10 8 9 8 2 5 2 8 4 0 7 7 6 2 9 4 9 3 9 9 9 4 4 10 4 1 8 8 6 5 10 10 7 5 9 2 2 1 9 4 1 1 3 6 3 9 10 3 6 5 2 1 2 10 10 
After

3 3 3 3 3 3 3 3 3 3 3 3 3 3 3 3 3 3 3 3 3 3 3 3 3 3 3 3 3 3 3 3 3 3 3 3 3 3 3 3 3 3 3 3 3 3 3 3 3 3 3 3 3 3 3 3 3 3 3 3 3 3 3 3 3 3 3 3 3 3 3 3 3 3 3 3 3 3 3 3 3 3 3 3 3 3 3 3 3 3 3 3 3 3 3 3 3 3 3 3 
Before

0 2 3 3 3 10 7 6 6 6 5 3 6 6 6 10 10 3 4 7 3 1 10 4 0 5 5 3 2 0 3 1 10 4 10 7 6 3 5 1 9 10 10 10 7 10 10 5 10 8 8 0 10 7 10 2 3 10 3 2 0 2 1 5 7 4 7 6 9 10 0 8 4 10 6 1 10 8 1 3 2 4 9 8 2 9 5 8 6 10 10 4 6 0 1 5 0 4 6 0 
After

4 4 4 4 4 4 4 4 4 4 4 4 4 4 4 4 4 4 4 4 4 4 4 4 4 4 4 4 4 4 4 4 4 4 4 4 4 4 4 4 4 4 4 4 4 4 4 4 4 4 4 4 4 4 4 4 4 4 4 4 4 4 4 4 4 4 4 4 4 4 4 4 4 4 4 4 4 4 4 4 4 4 4 4 4 4 4 4 4 4 4 4 4 4 4 4 4 4 4 4 
Before

1 4 7 6 4 1 2 4 0 2 9 1 8 3 1 8 5 4 5 9 7 2 2 10 9 3 8 3 2 10 7 3 0 0 3 2 1 4 1 0 1 2 8 3 8 2 7 1 8 8 7 2 6 3 9 4 6 2 1 0 8 2 10 9 8 10 0 10 3 6 9 2 8 0 10 0 7 6 0 10 1 1 0 10 10 0 0 2 6 2 1 5 8 4 9 5 7 4 8 5 
After

5 5 5 5 5 5 5 5 5 5 5 5 5 5 5 5 5 5 5 5 5 5 5 5 5 5 5 5 5 5 5 5 5 5 5 5 5 5 5 5 5 5 5 5 5 5 5 5 5 5 5 5 5 5 5 5 5 5 5 5 5 5 5 5 5 5 5 5 5 5 5 5 5 5 5 5 5 5 5 5 5 5 5 5 5 5 5 5 5 5 5 5 5 5 5 5 5 5 5 5 
Before

0 1 9 7 5 1 7 4 8 3 4 6 9 10 2 5 6 2 9 5 3 5 6 0 8 0 9 4 4 9 0 2 3 6 7 6 2 0 7 6 5 10 8 8 8 0 2 3 8 6 3 10 9 5 9 9 3 0 10 10 6 7 1 9 5 8 1 1 2 2 2 5 0 10 0 6 8 6 10 2 6 3 5 10 4 5 1 7 2 8 1 9 4 3 3 4 7 9 8 4 
After

6 6 6 6 6 6 6 6 6 6 6 6 6 6 6 6 6 6 6 6 6 6 6 6 6 6 6 6 6 6 6 6 6 6 6 6 6 6 6 6 6 6 6 6 6 6 6 6 6 6 6 6 6 6 6 6 6 6 6 6 6 6 6 6 6 6 6 6 6 6 6 6 6 6 6 6 6 6 6 6 6 6 6 6 6 6 6 6 6 6 6 6 6 6 6 6 6 6 6 6 
Before

4 8 5 10 10 5 9 0 3 7 6 8 1 8 7 3 8 6 0 0 2 4 9 9 4 8 5 10 1 1 9 5 7 5 0 6 4 2 7 1 3 1 1 8 9 5 6 5 9 7 1 9 7 3 5 3 10 9 4 0 7 4 1 3 4 7 4 10 2 8 3 7 3 9 4 7 5 3 1 6 5 0 7 0 2 1 5 2 6 9 10 2 5 4 0 4 8 9 4 8 
After

7 7 7 7 7 7 7 7 7 7 7 7 7 7 7 7 7 7 7 7 7 7 7 7 7 7 7 7 7 7 7 7 7 7 7 7 7 7 7 7 7 7 7 7 7 7 7 7 7 7 7 7 7 7 7 7 7 7 7 7 7 7 7 7 7 7 7 7 7 7 7 7 7 7 7 7 7 7 7 7 7 7 7 7 7 7 7 7 7 7 7 7 7 7 7 7 7 7 7 7 
Before

1 2 7 0 6 8 10 3 3 1 8 2 5 0 4 9 7 3 10 9 6 5 4 6 1 10 2 2 7 8 1 0 10 10 8 9 2 10 8 2 8 9 7 0 4 7 1 8 10 4 6 6 7 0 10 1 7 1 9 10 8 4 5 10 10 6 4 7 7 8 10 4 6 3 0 9 3 7 10 3 1 4 8 10 7 5 0 0 8 2 8 2 1 5 9 5 1 8 4 9 
After

8 8 8 8 8 8 8 8 8 8 8 8 8 8 8 8 8 8 8 8 8 8 8 8 8 8 8 8 8 8 8 8 8 8 8 8 8 8 8 8 8 8 8 8 8 8 8 8 8 8 8 8 8 8 8 8 8 8 8 8 8 8 8 8 8 8 8 8 8 8 8 8 8 8 8 8 8 8 8 8 8 8 8 8 8 8 8 8 8 8 8 8 8 8 8 8 8 8 8 8 
Before

8 1 0 1 4 2 10 0 2 7 6 0 1 7 10 1 4 4 4 5 7 2 9 10 8 4 4 9 9 9 2 4 3 7 0 2 0 0 6 1 7 10 3 7 1 0 2 5 0 1 7 10 6 10 6 8 7 5 4 10 9 0 7 5 10 1 8 0 9 1 1 9 3 9 8 7 9 4 10 7 9 5 9 0 1 7 8 7 10 5 0 1 4 0 8 10 0 9 3 4 
After

9 9 9 9 9 9 9 9 9 9 9 9 9 9 9 9 9 9 9 9 9 9 9 9 9 9 9 9 9 9 9 9 9 9 9 9 9 9 9 9 9 9 9 9 9 9 9 9 9 9 9 9 9 9 9 9 9 9 9 9 9 9 9 9 9 9 9 9 9 9 9 9 9 9 9 9 9 9 9 9 9 9 9 9 9 9 9 9 9 9 9 9 9 9 9 9 9 9 9 9 
Before

4 1 0 5 9 4 7 10 4 1 10 9 4 4 9 10 2 4 2 1 7 2 5 8 7 8 9 0 3 10 10 10 9 8 0 0 5 2 2 4 4 4 8 8 9 7 7 3 0 0 2 9 0 4 5 2 2 7 8 4 2 7 2 7 5 4 6 6 10 3 6 0 2 0 5 3 5 3 2 6 1 2 10 8 2 8 2 2 6 4 9 2 10 9 3 2 7 3 5 1 
After

10 10 10 10 10 10 10 10 10 10 10 10 10 10 10 10 10 10 10 10 10 10 10 10 10 10 10 10 10 10 10 10 10 10 10 10 10 10 10 10 10 10 10 10 10 10 10 10 10 10 10 10 10 10 10 10 10 10 10 10 10 10 10 10 10 10 10 10 10 10 10 10 10 10 10 10 10 10 10 10 10 10 10 10 10 10 10 10 10 10 10 10 10 10 10 10 10 10 10 10 
Evaluations:	100
Evaluations:	200
Evaluations:	300
Evaluations:	400
Evaluations:	500
Evaluations:	600
Evaluations:	700
Evaluations:	800
Evaluations:	900
Evaluations:	1000
Evaluations:	1100
Evaluations:	1200
Evaluations:	1300
slurmstepd: error: *** JOB 1155 ON gruenau3 CANCELLED AT 2024-06-22T22:02:35 DUE TO TIME LIMIT ***
slurmstepd: error: Detected 101 oom_kill events in StepId=1155.batch. Some of the step tasks have been OOM Killed.
