Configuration script
==========================================
JAVA = /usr/bin/java
PROPERTIES_FILE = robot.pctl
PROBLEM = ROBOT20_REP0
ALGORITHM = NSGAII
LOAD_SEED = true
INIT_PORT = 8888
MODEL_TEMPLATE_FILE = models/model_20_umc.prism
MAX_EVALUATIONS = 4000
MODEL_CHECKING_ENGINE_LIBS_DIRECTORY = /vol/fob-vol5/nebenf22/bertogla/MA/PARLEY/Applications/EvoChecker-master/libs/runtime
PROCESSORS = 16
VERBOSE = false
MODEL_CHECKING_ENGINE = /vol/fob-vol5/nebenf22/bertogla/MA/PARLEY/Applications/EvoChecker-master/libs/PrismExecutor.jar
POPULATION_SIZE = 100
SEED_FILE = data/ROBOT20_BASELINE/Set
PLOT_PARETO_FRONT = false
==========================================

Objectives (O)/Constraints(C)
O: P=? [ F (x=9&y=9&crashed=0) ], Max?true
O: R{"cost"}=? [ C<=100 ], Max?false

Starting  evolution
Checking for Seed Load
Loading previous Pareto Set: data/ROBOT20_BASELINE/Set


0 0 0 0 0 0 0 0 0 0 0 0 0 0 0 0 0 0 0 0 0 0 0 0 0 0 0 0 0 0 0 0 0 0 0 0 0 0 0 0 0 0 0 0 0 0 0 0 0 0 0 0 0 0 0 0 0 0 0 0 0 0 0 0 0 0 0 0 0 0 0 0 0 0 0 0 0 0 0 0 0 0 0 0 0 0 0 0 0 0 0 0 0 0 0 0 0 0 0 0
1 1 1 1 1 1 1 1 1 1 1 1 1 1 1 1 1 1 1 1 1 1 1 1 1 1 1 1 1 1 1 1 1 1 1 1 1 1 1 1 1 1 1 1 1 1 1 1 1 1 1 1 1 1 1 1 1 1 1 1 1 1 1 1 1 1 1 1 1 1 1 1 1 1 1 1 1 1 1 1 1 1 1 1 1 1 1 1 1 1 1 1 1 1 1 1 1 1 1 1
2 2 2 2 2 2 2 2 2 2 2 2 2 2 2 2 2 2 2 2 2 2 2 2 2 2 2 2 2 2 2 2 2 2 2 2 2 2 2 2 2 2 2 2 2 2 2 2 2 2 2 2 2 2 2 2 2 2 2 2 2 2 2 2 2 2 2 2 2 2 2 2 2 2 2 2 2 2 2 2 2 2 2 2 2 2 2 2 2 2 2 2 2 2 2 2 2 2 2 2
3 3 3 3 3 3 3 3 3 3 3 3 3 3 3 3 3 3 3 3 3 3 3 3 3 3 3 3 3 3 3 3 3 3 3 3 3 3 3 3 3 3 3 3 3 3 3 3 3 3 3 3 3 3 3 3 3 3 3 3 3 3 3 3 3 3 3 3 3 3 3 3 3 3 3 3 3 3 3 3 3 3 3 3 3 3 3 3 3 3 3 3 3 3 3 3 3 3 3 3
4 4 4 4 4 4 4 4 4 4 4 4 4 4 4 4 4 4 4 4 4 4 4 4 4 4 4 4 4 4 4 4 4 4 4 4 4 4 4 4 4 4 4 4 4 4 4 4 4 4 4 4 4 4 4 4 4 4 4 4 4 4 4 4 4 4 4 4 4 4 4 4 4 4 4 4 4 4 4 4 4 4 4 4 4 4 4 4 4 4 4 4 4 4 4 4 4 4 4 4
5 5 5 5 5 5 5 5 5 5 5 5 5 5 5 5 5 5 5 5 5 5 5 5 5 5 5 5 5 5 5 5 5 5 5 5 5 5 5 5 5 5 5 5 5 5 5 5 5 5 5 5 5 5 5 5 5 5 5 5 5 5 5 5 5 5 5 5 5 5 5 5 5 5 5 5 5 5 5 5 5 5 5 5 5 5 5 5 5 5 5 5 5 5 5 5 5 5 5 5
6 6 6 6 6 6 6 6 6 6 6 6 6 6 6 6 6 6 6 6 6 6 6 6 6 6 6 6 6 6 6 6 6 6 6 6 6 6 6 6 6 6 6 6 6 6 6 6 6 6 6 6 6 6 6 6 6 6 6 6 6 6 6 6 6 6 6 6 6 6 6 6 6 6 6 6 6 6 6 6 6 6 6 6 6 6 6 6 6 6 6 6 6 6 6 6 6 6 6 6
7 7 7 7 7 7 7 7 7 7 7 7 7 7 7 7 7 7 7 7 7 7 7 7 7 7 7 7 7 7 7 7 7 7 7 7 7 7 7 7 7 7 7 7 7 7 7 7 7 7 7 7 7 7 7 7 7 7 7 7 7 7 7 7 7 7 7 7 7 7 7 7 7 7 7 7 7 7 7 7 7 7 7 7 7 7 7 7 7 7 7 7 7 7 7 7 7 7 7 7
8 8 8 8 8 8 8 8 8 8 8 8 8 8 8 8 8 8 8 8 8 8 8 8 8 8 8 8 8 8 8 8 8 8 8 8 8 8 8 8 8 8 8 8 8 8 8 8 8 8 8 8 8 8 8 8 8 8 8 8 8 8 8 8 8 8 8 8 8 8 8 8 8 8 8 8 8 8 8 8 8 8 8 8 8 8 8 8 8 8 8 8 8 8 8 8 8 8 8 8
9 9 9 9 9 9 9 9 9 9 9 9 9 9 9 9 9 9 9 9 9 9 9 9 9 9 9 9 9 9 9 9 9 9 9 9 9 9 9 9 9 9 9 9 9 9 9 9 9 9 9 9 9 9 9 9 9 9 9 9 9 9 9 9 9 9 9 9 9 9 9 9 9 9 9 9 9 9 9 9 9 9 9 9 9 9 9 9 9 9 9 9 9 9 9 9 9 9 9 9
10 10 10 10 10 10 10 10 10 10 10 10 10 10 10 10 10 10 10 10 10 10 10 10 10 10 10 10 10 10 10 10 10 10 10 10 10 10 10 10 10 10 10 10 10 10 10 10 10 10 10 10 10 10 10 10 10 10 10 10 10 10 10 10 10 10 10 10 10 10 10 10 10 10 10 10 10 10 10 10 10 10 10 10 10 10 10 10 10 10 10 10 10 10 10 10 10 10 10 10
Before

7 2 0 2 3 1 0 4 0 3 6 8 3 5 4 8 8 0 1 7 5 1 5 2 2 9 10 10 9 7 8 0 8 0 10 6 7 6 8 3 5 0 8 0 7 9 7 1 8 0 8 9 10 7 7 4 10 3 7 4 4 6 8 8 6 0 3 9 6 0 6 2 0 10 7 2 9 1 6 4 10 6 1 2 3 4 0 2 3 6 4 8 2 2 9 9 7 0 10 6 
After

0 0 0 0 0 0 0 0 0 0 0 0 0 0 0 0 0 0 0 0 0 0 0 0 0 0 0 0 0 0 0 0 0 0 0 0 0 0 0 0 0 0 0 0 0 0 0 0 0 0 0 0 0 0 0 0 0 0 0 0 0 0 0 0 0 0 0 0 0 0 0 0 0 0 0 0 0 0 0 0 0 0 0 0 0 0 0 0 0 0 0 0 0 0 0 0 0 0 0 0 
Before

9 10 2 6 8 2 8 5 3 4 8 0 0 0 7 4 5 9 8 3 2 9 10 2 6 10 5 1 5 4 4 3 3 0 2 6 0 1 7 10 5 3 5 3 1 9 3 0 3 9 2 9 5 1 5 7 10 6 6 6 7 3 3 9 4 5 7 10 8 1 4 6 9 0 3 4 8 7 10 0 9 6 9 8 0 2 10 2 8 1 4 2 10 9 1 7 7 3 8 4 
After

1 1 1 1 1 1 1 1 1 1 1 1 1 1 1 1 1 1 1 1 1 1 1 1 1 1 1 1 1 1 1 1 1 1 1 1 1 1 1 1 1 1 1 1 1 1 1 1 1 1 1 1 1 1 1 1 1 1 1 1 1 1 1 1 1 1 1 1 1 1 1 1 1 1 1 1 1 1 1 1 1 1 1 1 1 1 1 1 1 1 1 1 1 1 1 1 1 1 1 1 
Before

5 3 3 9 3 3 6 4 5 4 10 4 8 5 3 1 5 8 7 9 4 1 3 7 0 3 0 7 0 9 3 2 6 0 5 9 4 4 9 1 5 4 0 3 10 0 6 2 0 4 6 7 7 6 1 0 7 9 9 4 2 0 6 2 5 10 7 2 3 1 3 7 3 2 8 5 7 5 0 6 2 9 7 6 3 7 3 5 6 1 2 0 8 6 1 8 8 0 2 6 
After

2 2 2 2 2 2 2 2 2 2 2 2 2 2 2 2 2 2 2 2 2 2 2 2 2 2 2 2 2 2 2 2 2 2 2 2 2 2 2 2 2 2 2 2 2 2 2 2 2 2 2 2 2 2 2 2 2 2 2 2 2 2 2 2 2 2 2 2 2 2 2 2 2 2 2 2 2 2 2 2 2 2 2 2 2 2 2 2 2 2 2 2 2 2 2 2 2 2 2 2 
Before

10 7 0 8 4 9 0 0 8 4 4 4 2 2 0 10 8 7 4 2 9 1 1 5 7 7 5 8 10 4 7 7 6 2 9 6 4 6 4 9 7 0 3 3 0 10 2 10 5 0 2 3 3 2 2 10 4 6 6 2 7 4 4 5 8 3 9 10 10 0 5 7 9 1 7 8 8 3 7 2 10 1 7 7 3 3 1 4 5 7 4 7 4 4 10 2 2 6 2 1 
After

3 3 3 3 3 3 3 3 3 3 3 3 3 3 3 3 3 3 3 3 3 3 3 3 3 3 3 3 3 3 3 3 3 3 3 3 3 3 3 3 3 3 3 3 3 3 3 3 3 3 3 3 3 3 3 3 3 3 3 3 3 3 3 3 3 3 3 3 3 3 3 3 3 3 3 3 3 3 3 3 3 3 3 3 3 3 3 3 3 3 3 3 3 3 3 3 3 3 3 3 
Before

10 6 9 8 2 1 7 5 10 6 3 1 0 6 2 8 0 1 8 1 7 4 7 9 6 0 0 4 4 7 1 9 0 10 9 1 1 4 5 3 0 7 4 10 0 10 5 8 9 1 9 1 6 0 1 1 8 9 4 0 6 0 4 3 3 5 6 6 2 8 5 3 9 10 9 2 1 9 5 10 3 5 0 7 6 8 8 7 4 5 5 2 8 9 7 8 4 1 9 9 
After

4 4 4 4 4 4 4 4 4 4 4 4 4 4 4 4 4 4 4 4 4 4 4 4 4 4 4 4 4 4 4 4 4 4 4 4 4 4 4 4 4 4 4 4 4 4 4 4 4 4 4 4 4 4 4 4 4 4 4 4 4 4 4 4 4 4 4 4 4 4 4 4 4 4 4 4 4 4 4 4 4 4 4 4 4 4 4 4 4 4 4 4 4 4 4 4 4 4 4 4 
Before

7 3 10 8 3 1 9 5 3 0 0 1 10 6 0 9 6 5 6 7 1 4 4 10 9 10 10 2 6 0 2 4 1 10 2 4 0 1 5 10 2 0 7 3 0 9 8 0 7 8 2 6 8 6 2 2 0 5 10 1 8 10 4 6 8 0 3 2 10 10 9 5 9 9 10 9 6 3 6 8 10 7 7 10 4 4 8 3 5 3 8 9 5 10 8 2 8 4 1 3 
After

5 5 5 5 5 5 5 5 5 5 5 5 5 5 5 5 5 5 5 5 5 5 5 5 5 5 5 5 5 5 5 5 5 5 5 5 5 5 5 5 5 5 5 5 5 5 5 5 5 5 5 5 5 5 5 5 5 5 5 5 5 5 5 5 5 5 5 5 5 5 5 5 5 5 5 5 5 5 5 5 5 5 5 5 5 5 5 5 5 5 5 5 5 5 5 5 5 5 5 5 
Before

5 4 10 9 6 9 9 2 8 4 7 0 6 4 10 4 4 10 10 9 5 9 8 7 3 0 10 0 4 0 7 1 8 3 2 7 0 6 5 0 4 4 5 4 2 0 7 3 8 2 8 0 1 6 3 6 6 6 9 9 3 7 8 0 2 5 1 1 10 7 1 6 2 6 7 9 7 1 0 4 4 4 5 1 4 5 10 2 0 1 9 4 6 3 2 8 3 8 6 1 
After

6 6 6 6 6 6 6 6 6 6 6 6 6 6 6 6 6 6 6 6 6 6 6 6 6 6 6 6 6 6 6 6 6 6 6 6 6 6 6 6 6 6 6 6 6 6 6 6 6 6 6 6 6 6 6 6 6 6 6 6 6 6 6 6 6 6 6 6 6 6 6 6 6 6 6 6 6 6 6 6 6 6 6 6 6 6 6 6 6 6 6 6 6 6 6 6 6 6 6 6 
Before

0 1 3 9 4 5 10 1 9 6 3 6 8 10 9 0 5 9 5 2 4 5 8 7 10 4 10 8 2 3 7 10 1 8 0 8 7 2 6 4 5 4 6 10 5 10 9 6 2 4 3 0 3 8 3 1 5 8 7 9 8 6 5 1 9 0 9 5 10 2 9 6 0 9 3 1 10 3 8 2 4 0 6 5 10 3 7 7 2 7 9 8 6 1 6 9 5 0 1 8 
After

7 7 7 7 7 7 7 7 7 7 7 7 7 7 7 7 7 7 7 7 7 7 7 7 7 7 7 7 7 7 7 7 7 7 7 7 7 7 7 7 7 7 7 7 7 7 7 7 7 7 7 7 7 7 7 7 7 7 7 7 7 7 7 7 7 7 7 7 7 7 7 7 7 7 7 7 7 7 7 7 7 7 7 7 7 7 7 7 7 7 7 7 7 7 7 7 7 7 7 7 
Before

9 3 5 2 10 0 8 3 4 9 9 6 0 10 0 10 4 5 10 6 8 3 1 4 6 0 9 10 3 4 6 9 10 8 6 4 6 5 10 3 2 2 2 1 1 4 5 8 0 8 7 1 8 4 2 4 5 4 4 6 2 8 5 5 7 3 9 9 6 5 6 4 2 9 6 5 8 1 1 6 4 6 8 1 9 4 5 5 9 0 7 7 3 9 6 8 0 2 5 10 
After

8 8 8 8 8 8 8 8 8 8 8 8 8 8 8 8 8 8 8 8 8 8 8 8 8 8 8 8 8 8 8 8 8 8 8 8 8 8 8 8 8 8 8 8 8 8 8 8 8 8 8 8 8 8 8 8 8 8 8 8 8 8 8 8 8 8 8 8 8 8 8 8 8 8 8 8 8 8 8 8 8 8 8 8 8 8 8 8 8 8 8 8 8 8 8 8 8 8 8 8 
Before

7 6 9 2 2 6 0 2 4 0 0 10 5 5 6 0 1 7 9 3 7 3 6 8 0 5 10 6 0 4 6 8 1 5 5 0 2 6 8 2 8 10 10 8 10 4 7 0 6 2 0 6 4 5 1 9 8 7 8 5 8 6 7 8 2 10 5 8 6 7 4 6 7 3 1 9 1 6 1 8 3 9 5 6 10 0 3 3 5 6 5 0 0 8 2 10 3 5 9 5 
After

9 9 9 9 9 9 9 9 9 9 9 9 9 9 9 9 9 9 9 9 9 9 9 9 9 9 9 9 9 9 9 9 9 9 9 9 9 9 9 9 9 9 9 9 9 9 9 9 9 9 9 9 9 9 9 9 9 9 9 9 9 9 9 9 9 9 9 9 9 9 9 9 9 9 9 9 9 9 9 9 9 9 9 9 9 9 9 9 9 9 9 9 9 9 9 9 9 9 9 9 
Before

6 5 4 5 8 7 9 9 2 8 5 4 2 10 3 6 7 0 0 0 1 3 8 2 9 1 1 6 4 0 2 4 4 3 9 6 6 3 4 4 3 3 4 4 2 2 8 10 1 4 1 9 4 4 4 0 0 2 9 1 3 6 8 4 1 1 8 5 0 3 9 0 9 7 0 4 3 8 5 0 10 7 3 7 7 6 10 1 8 8 0 2 0 6 2 4 8 4 9 10 
After

10 10 10 10 10 10 10 10 10 10 10 10 10 10 10 10 10 10 10 10 10 10 10 10 10 10 10 10 10 10 10 10 10 10 10 10 10 10 10 10 10 10 10 10 10 10 10 10 10 10 10 10 10 10 10 10 10 10 10 10 10 10 10 10 10 10 10 10 10 10 10 10 10 10 10 10 10 10 10 10 10 10 10 10 10 10 10 10 10 10 10 10 10 10 10 10 10 10 10 10 
slurmstepd: error: *** JOB 1164 ON gruenau3 CANCELLED AT 2024-06-22T22:30:34 DUE TO TIME LIMIT ***
