Configuration script
==========================================
JAVA = /usr/bin/java
PROPERTIES_FILE = robot.pctl
PROBLEM = ROBOT16_REP0
ALGORITHM = NSGAII
LOAD_SEED = true
INIT_PORT = 8888
MODEL_TEMPLATE_FILE = models/model_16_umc.prism
MAX_EVALUATIONS = 4000
MODEL_CHECKING_ENGINE_LIBS_DIRECTORY = /vol/fob-vol5/nebenf22/bertogla/MA/PARLEY/Applications/EvoChecker-master/libs/runtime
PROCESSORS = 16
VERBOSE = false
MODEL_CHECKING_ENGINE = /vol/fob-vol5/nebenf22/bertogla/MA/PARLEY/Applications/EvoChecker-master/libs/PrismExecutor.jar
POPULATION_SIZE = 100
SEED_FILE = data/ROBOT16_BASELINE/Set
PLOT_PARETO_FRONT = false
==========================================

Objectives (O)/Constraints(C)
O: P=? [ F (x=9&y=9&crashed=0) ], Max?true
O: R{"cost"}=? [ C<=100 ], Max?false

Starting  evolution
Checking for Seed Load
Loading previous Pareto Set: data/ROBOT16_BASELINE/Set


0 0 0 0 0 0 0 0 0 0 0 0 0 0 0 0 0 0 0 0 0 0 0 0 0 0 0 0 0 0 0 0 0 0 0 0 0 0 0 0 0 0 0 0 0 0 0 0 0 0 0 0 0 0 0 0 0 0 0 0 0 0 0 0 0 0 0 0 0 0 0 0 0 0 0 0 0 0 0 0 0 0 0 0 0 0 0 0 0 0 0 0 0 0 0 0 0 0 0 0
1 1 1 1 1 1 1 1 1 1 1 1 1 1 1 1 1 1 1 1 1 1 1 1 1 1 1 1 1 1 1 1 1 1 1 1 1 1 1 1 1 1 1 1 1 1 1 1 1 1 1 1 1 1 1 1 1 1 1 1 1 1 1 1 1 1 1 1 1 1 1 1 1 1 1 1 1 1 1 1 1 1 1 1 1 1 1 1 1 1 1 1 1 1 1 1 1 1 1 1
2 2 2 2 2 2 2 2 2 2 2 2 2 2 2 2 2 2 2 2 2 2 2 2 2 2 2 2 2 2 2 2 2 2 2 2 2 2 2 2 2 2 2 2 2 2 2 2 2 2 2 2 2 2 2 2 2 2 2 2 2 2 2 2 2 2 2 2 2 2 2 2 2 2 2 2 2 2 2 2 2 2 2 2 2 2 2 2 2 2 2 2 2 2 2 2 2 2 2 2
3 3 3 3 3 3 3 3 3 3 3 3 3 3 3 3 3 3 3 3 3 3 3 3 3 3 3 3 3 3 3 3 3 3 3 3 3 3 3 3 3 3 3 3 3 3 3 3 3 3 3 3 3 3 3 3 3 3 3 3 3 3 3 3 3 3 3 3 3 3 3 3 3 3 3 3 3 3 3 3 3 3 3 3 3 3 3 3 3 3 3 3 3 3 3 3 3 3 3 3
4 4 4 4 4 4 4 4 4 4 4 4 4 4 4 4 4 4 4 4 4 4 4 4 4 4 4 4 4 4 4 4 4 4 4 4 4 4 4 4 4 4 4 4 4 4 4 4 4 4 4 4 4 4 4 4 4 4 4 4 4 4 4 4 4 4 4 4 4 4 4 4 4 4 4 4 4 4 4 4 4 4 4 4 4 4 4 4 4 4 4 4 4 4 4 4 4 4 4 4
5 5 5 5 5 5 5 5 5 5 5 5 5 5 5 5 5 5 5 5 5 5 5 5 5 5 5 5 5 5 5 5 5 5 5 5 5 5 5 5 5 5 5 5 5 5 5 5 5 5 5 5 5 5 5 5 5 5 5 5 5 5 5 5 5 5 5 5 5 5 5 5 5 5 5 5 5 5 5 5 5 5 5 5 5 5 5 5 5 5 5 5 5 5 5 5 5 5 5 5
6 6 6 6 6 6 6 6 6 6 6 6 6 6 6 6 6 6 6 6 6 6 6 6 6 6 6 6 6 6 6 6 6 6 6 6 6 6 6 6 6 6 6 6 6 6 6 6 6 6 6 6 6 6 6 6 6 6 6 6 6 6 6 6 6 6 6 6 6 6 6 6 6 6 6 6 6 6 6 6 6 6 6 6 6 6 6 6 6 6 6 6 6 6 6 6 6 6 6 6
7 7 7 7 7 7 7 7 7 7 7 7 7 7 7 7 7 7 7 7 7 7 7 7 7 7 7 7 7 7 7 7 7 7 7 7 7 7 7 7 7 7 7 7 7 7 7 7 7 7 7 7 7 7 7 7 7 7 7 7 7 7 7 7 7 7 7 7 7 7 7 7 7 7 7 7 7 7 7 7 7 7 7 7 7 7 7 7 7 7 7 7 7 7 7 7 7 7 7 7
8 8 8 8 8 8 8 8 8 8 8 8 8 8 8 8 8 8 8 8 8 8 8 8 8 8 8 8 8 8 8 8 8 8 8 8 8 8 8 8 8 8 8 8 8 8 8 8 8 8 8 8 8 8 8 8 8 8 8 8 8 8 8 8 8 8 8 8 8 8 8 8 8 8 8 8 8 8 8 8 8 8 8 8 8 8 8 8 8 8 8 8 8 8 8 8 8 8 8 8
9 9 9 9 9 9 9 9 9 9 9 9 9 9 9 9 9 9 9 9 9 9 9 9 9 9 9 9 9 9 9 9 9 9 9 9 9 9 9 9 9 9 9 9 9 9 9 9 9 9 9 9 9 9 9 9 9 9 9 9 9 9 9 9 9 9 9 9 9 9 9 9 9 9 9 9 9 9 9 9 9 9 9 9 9 9 9 9 9 9 9 9 9 9 9 9 9 9 9 9
10 10 10 10 10 10 10 10 10 10 10 10 10 10 10 10 10 10 10 10 10 10 10 10 10 10 10 10 10 10 10 10 10 10 10 10 10 10 10 10 10 10 10 10 10 10 10 10 10 10 10 10 10 10 10 10 10 10 10 10 10 10 10 10 10 10 10 10 10 10 10 10 10 10 10 10 10 10 10 10 10 10 10 10 10 10 10 10 10 10 10 10 10 10 10 10 10 10 10 10
Before

3 9 1 8 9 6 8 4 3 2 9 5 7 6 1 6 8 9 3 4 5 5 9 1 4 10 8 0 7 6 8 6 1 10 5 10 2 1 2 9 10 7 5 0 6 5 0 6 9 10 1 1 8 1 7 7 2 3 10 4 6 1 5 3 2 0 6 0 6 6 1 10 4 3 4 8 7 3 7 3 6 8 8 2 1 5 7 6 3 10 6 1 7 3 8 7 1 8 1 8 
After

0 0 0 0 0 0 0 0 0 0 0 0 0 0 0 0 0 0 0 0 0 0 0 0 0 0 0 0 0 0 0 0 0 0 0 0 0 0 0 0 0 0 0 0 0 0 0 0 0 0 0 0 0 0 0 0 0 0 0 0 0 0 0 0 0 0 0 0 0 0 0 0 0 0 0 0 0 0 0 0 0 0 0 0 0 0 0 0 0 0 0 0 0 0 0 0 0 0 0 0 
Before

4 2 1 6 6 4 10 10 2 10 6 0 10 8 4 5 2 5 5 10 9 9 9 1 10 9 8 8 0 9 7 7 5 3 0 7 8 4 7 0 5 0 9 0 7 3 8 1 9 9 3 10 1 10 7 6 6 3 5 7 1 6 1 5 5 2 10 1 1 7 0 7 6 6 10 7 10 4 3 2 5 2 4 7 1 7 4 9 5 5 9 2 6 4 4 4 2 4 8 6 
After

1 1 1 1 1 1 1 1 1 1 1 1 1 1 1 1 1 1 1 1 1 1 1 1 1 1 1 1 1 1 1 1 1 1 1 1 1 1 1 1 1 1 1 1 1 1 1 1 1 1 1 1 1 1 1 1 1 1 1 1 1 1 1 1 1 1 1 1 1 1 1 1 1 1 1 1 1 1 1 1 1 1 1 1 1 1 1 1 1 1 1 1 1 1 1 1 1 1 1 1 
Before

9 7 5 7 9 8 7 2 6 10 2 4 0 1 3 3 8 1 1 10 5 4 5 8 4 2 10 8 1 10 7 9 4 0 0 2 3 3 8 2 7 8 4 6 3 9 0 7 0 1 3 7 6 6 2 9 0 7 8 6 4 9 8 7 6 7 6 5 10 4 1 0 10 6 8 8 9 5 5 2 2 10 5 6 8 0 8 4 3 6 8 4 3 8 6 7 4 10 6 1 
After

2 2 2 2 2 2 2 2 2 2 2 2 2 2 2 2 2 2 2 2 2 2 2 2 2 2 2 2 2 2 2 2 2 2 2 2 2 2 2 2 2 2 2 2 2 2 2 2 2 2 2 2 2 2 2 2 2 2 2 2 2 2 2 2 2 2 2 2 2 2 2 2 2 2 2 2 2 2 2 2 2 2 2 2 2 2 2 2 2 2 2 2 2 2 2 2 2 2 2 2 
Before

1 1 6 10 0 8 1 0 4 9 2 2 5 10 7 5 5 9 0 0 1 6 4 3 10 5 0 6 10 7 9 0 6 10 0 4 5 10 2 6 9 4 3 5 2 10 0 5 6 2 4 4 6 4 3 0 10 10 0 4 6 1 2 3 4 8 2 5 4 6 4 4 4 8 8 1 9 9 10 5 1 5 6 0 7 9 3 5 2 2 0 5 6 1 5 10 5 7 0 0 
After

3 3 3 3 3 3 3 3 3 3 3 3 3 3 3 3 3 3 3 3 3 3 3 3 3 3 3 3 3 3 3 3 3 3 3 3 3 3 3 3 3 3 3 3 3 3 3 3 3 3 3 3 3 3 3 3 3 3 3 3 3 3 3 3 3 3 3 3 3 3 3 3 3 3 3 3 3 3 3 3 3 3 3 3 3 3 3 3 3 3 3 3 3 3 3 3 3 3 3 3 
Before

1 5 6 7 2 9 10 4 6 1 7 4 8 1 5 7 6 2 10 8 7 8 4 5 3 10 8 1 5 2 9 5 8 9 7 8 4 5 0 2 0 6 5 5 2 1 1 8 5 2 4 2 8 2 6 10 9 9 6 1 5 9 5 9 6 9 3 6 2 5 5 5 4 6 3 5 6 3 8 10 10 2 9 1 4 7 9 3 9 5 9 2 5 8 6 1 9 2 8 5 
After

4 4 4 4 4 4 4 4 4 4 4 4 4 4 4 4 4 4 4 4 4 4 4 4 4 4 4 4 4 4 4 4 4 4 4 4 4 4 4 4 4 4 4 4 4 4 4 4 4 4 4 4 4 4 4 4 4 4 4 4 4 4 4 4 4 4 4 4 4 4 4 4 4 4 4 4 4 4 4 4 4 4 4 4 4 4 4 4 4 4 4 4 4 4 4 4 4 4 4 4 
Before

8 10 6 2 1 3 7 9 9 0 10 5 8 7 7 6 10 1 10 7 4 4 5 10 7 5 9 3 1 2 9 5 10 10 10 7 1 5 7 1 8 3 1 0 4 8 5 1 0 3 5 1 5 6 3 0 6 2 4 2 2 1 7 0 1 2 6 6 2 9 5 0 9 4 9 3 10 4 4 5 2 1 7 10 7 3 2 9 8 5 6 9 4 3 8 5 8 1 1 8 
After

5 5 5 5 5 5 5 5 5 5 5 5 5 5 5 5 5 5 5 5 5 5 5 5 5 5 5 5 5 5 5 5 5 5 5 5 5 5 5 5 5 5 5 5 5 5 5 5 5 5 5 5 5 5 5 5 5 5 5 5 5 5 5 5 5 5 5 5 5 5 5 5 5 5 5 5 5 5 5 5 5 5 5 5 5 5 5 5 5 5 5 5 5 5 5 5 5 5 5 5 
Before

1 7 6 0 4 4 6 10 10 8 8 4 10 6 4 8 4 5 4 7 8 5 1 0 3 3 3 3 5 9 4 4 5 8 5 7 8 3 3 6 9 3 4 8 8 4 3 2 4 1 5 7 3 3 8 2 8 6 8 6 2 6 4 9 4 0 1 9 0 5 1 3 10 6 2 8 9 8 6 1 5 8 8 2 2 8 0 9 0 6 7 5 3 0 8 0 4 2 5 6 
After

6 6 6 6 6 6 6 6 6 6 6 6 6 6 6 6 6 6 6 6 6 6 6 6 6 6 6 6 6 6 6 6 6 6 6 6 6 6 6 6 6 6 6 6 6 6 6 6 6 6 6 6 6 6 6 6 6 6 6 6 6 6 6 6 6 6 6 6 6 6 6 6 6 6 6 6 6 6 6 6 6 6 6 6 6 6 6 6 6 6 6 6 6 6 6 6 6 6 6 6 
Before

5 5 3 7 8 10 0 0 10 1 10 5 1 10 7 3 3 1 4 6 9 3 4 0 7 7 7 9 5 9 8 7 6 10 6 2 6 3 6 5 8 8 7 0 8 2 9 0 0 4 8 4 0 7 7 8 3 0 5 3 8 5 5 4 1 9 0 1 5 5 3 0 0 9 5 2 8 3 9 6 3 8 10 6 0 1 1 6 4 4 5 1 1 10 5 7 7 1 3 10 
After

7 7 7 7 7 7 7 7 7 7 7 7 7 7 7 7 7 7 7 7 7 7 7 7 7 7 7 7 7 7 7 7 7 7 7 7 7 7 7 7 7 7 7 7 7 7 7 7 7 7 7 7 7 7 7 7 7 7 7 7 7 7 7 7 7 7 7 7 7 7 7 7 7 7 7 7 7 7 7 7 7 7 7 7 7 7 7 7 7 7 7 7 7 7 7 7 7 7 7 7 
Before

0 7 2 8 4 6 0 0 7 6 7 7 1 8 6 4 5 9 5 1 10 8 5 4 6 9 2 5 10 2 7 7 2 7 7 1 9 9 4 7 7 8 9 2 6 3 6 6 9 8 4 7 4 8 3 10 10 0 8 4 2 1 2 9 10 8 10 1 2 9 9 10 7 8 2 4 7 0 6 10 2 7 5 10 6 4 4 5 7 4 9 8 1 9 8 8 2 4 4 10 
After

8 8 8 8 8 8 8 8 8 8 8 8 8 8 8 8 8 8 8 8 8 8 8 8 8 8 8 8 8 8 8 8 8 8 8 8 8 8 8 8 8 8 8 8 8 8 8 8 8 8 8 8 8 8 8 8 8 8 8 8 8 8 8 8 8 8 8 8 8 8 8 8 8 8 8 8 8 8 8 8 8 8 8 8 8 8 8 8 8 8 8 8 8 8 8 8 8 8 8 8 
Before

9 5 3 9 2 10 10 9 8 6 6 6 0 0 4 4 0 0 2 6 5 8 3 10 3 7 9 5 2 4 9 2 0 4 6 7 5 6 1 3 3 0 5 8 4 0 9 10 4 0 3 9 1 5 0 3 2 5 6 3 5 2 7 2 2 6 5 2 10 4 2 1 1 2 6 7 8 10 0 4 3 10 10 10 6 6 9 1 0 1 2 6 7 1 2 0 4 6 8 4 
After

9 9 9 9 9 9 9 9 9 9 9 9 9 9 9 9 9 9 9 9 9 9 9 9 9 9 9 9 9 9 9 9 9 9 9 9 9 9 9 9 9 9 9 9 9 9 9 9 9 9 9 9 9 9 9 9 9 9 9 9 9 9 9 9 9 9 9 9 9 9 9 9 9 9 9 9 9 9 9 9 9 9 9 9 9 9 9 9 9 9 9 9 9 9 9 9 9 9 9 9 
Before

1 10 4 7 10 10 1 5 4 7 4 3 6 1 2 7 10 0 10 5 1 7 2 0 0 1 4 2 6 5 2 6 3 10 0 4 9 8 10 6 8 1 5 0 6 3 7 0 1 4 10 3 1 9 9 4 0 7 10 6 3 8 5 1 6 1 0 1 7 3 3 10 9 1 1 3 0 1 1 8 8 3 0 1 4 1 2 4 9 3 7 0 6 3 9 3 4 9 2 3 
After

10 10 10 10 10 10 10 10 10 10 10 10 10 10 10 10 10 10 10 10 10 10 10 10 10 10 10 10 10 10 10 10 10 10 10 10 10 10 10 10 10 10 10 10 10 10 10 10 10 10 10 10 10 10 10 10 10 10 10 10 10 10 10 10 10 10 10 10 10 10 10 10 10 10 10 10 10 10 10 10 10 10 10 10 10 10 10 10 10 10 10 10 10 10 10 10 10 10 10 10 
slurmstepd: error: *** JOB 1160 ON gruenau3 CANCELLED AT 2024-06-22T22:30:34 DUE TO TIME LIMIT ***
